C:\Users\mmfsf\gitmmfsf\eprogramoflife\code\eprogramoflifeweb\epl.ui\ClientApp\dist\out-tsc\src\app\services\common.service.js
C:\Users\mmfsf\gitmmfsf\eprogramoflife\code\eprogramoflifeweb\epl.ui\ClientApp\dist\out-tsc\src\app\services\common.service.js.map
C:\Users\mmfsf\gitmmfsf\eprogramoflife\code\eprogramoflifeweb\epl.ui\ClientApp\dist\out-tsc\src\app\models\token.model.js
C:\Users\mmfsf\gitmmfsf\eprogramoflife\code\eprogramoflifeweb\epl.ui\ClientApp\dist\out-tsc\src\app\models\token.model.js.map
C:\Users\mmfsf\gitmmfsf\eprogramoflife\code\eprogramoflifeweb\epl.ui\ClientApp\dist\out-tsc\src\app\services\auth.service.js
C:\Users\mmfsf\gitmmfsf\eprogramoflife\code\eprogramoflifeweb\epl.ui\ClientApp\dist\out-tsc\src\app\services\auth.service.js.map
C:\Users\mmfsf\gitmmfsf\eprogramoflife\code\eprogramoflifeweb\epl.ui\ClientApp\dist\out-tsc\src\app\auth\auth-token.js
C:\Users\mmfsf\gitmmfsf\eprogramoflife\code\eprogramoflifeweb\epl.ui\ClientApp\dist\out-tsc\src\app\auth\auth-token.js.map
C:\Users\mmfsf\gitmmfsf\eprogramoflife\code\eprogramoflifeweb\epl.ui\ClientApp\dist\out-tsc\src\app\app.component.js
C:\Users\mmfsf\gitmmfsf\eprogramoflife\code\eprogramoflifeweb\epl.ui\ClientApp\dist\out-tsc\src\app\app.component.js.map
C:\Users\mmfsf\gitmmfsf\eprogramoflife\code\eprogramoflifeweb\epl.ui\ClientApp\dist\out-tsc\src\app\inteceptors\http-base.interceptor.js
C:\Users\mmfsf\gitmmfsf\eprogramoflife\code\eprogramoflifeweb\epl.ui\ClientApp\dist\out-tsc\src\app\inteceptors\http-base.interceptor.js.map
C:\Users\mmfsf\gitmmfsf\eprogramoflife\code\eprogramoflifeweb\epl.ui\ClientApp\dist\out-tsc\src\app\app.module.js
C:\Users\mmfsf\gitmmfsf\eprogramoflife\code\eprogramoflifeweb\epl.ui\ClientApp\dist\out-tsc\src\app\app.module.js.map
C:\Users\mmfsf\gitmmfsf\eprogramoflife\code\eprogramoflifeweb\epl.ui\ClientApp\dist\out-tsc\src\environments\environment.js
C:\Users\mmfsf\gitmmfsf\eprogramoflife\code\eprogramoflifeweb\epl.ui\ClientApp\dist\out-tsc\src\environments\environment.js.map
C:\Users\mmfsf\gitmmfsf\eprogramoflife\code\eprogramoflifeweb\epl.ui\ClientApp\dist\out-tsc\src\main.js
C:\Users\mmfsf\gitmmfsf\eprogramoflife\code\eprogramoflifeweb\epl.ui\ClientApp\dist\out-tsc\src\main.js.map
C:\Users\mmfsf\gitmmfsf\eprogramoflife\code\eprogramoflifeweb\epl.ui\ClientApp\dist\out-tsc\src\polyfills.js
C:\Users\mmfsf\gitmmfsf\eprogramoflife\code\eprogramoflifeweb\epl.ui\ClientApp\dist\out-tsc\src\polyfills.js.map
C:\Users\mmfsf\gitmmfsf\eprogramoflife\code\eprogramoflifeweb\epl.ui\ClientApp\dist\out-tsc\src\test.js
C:\Users\mmfsf\gitmmfsf\eprogramoflife\code\eprogramoflifeweb\epl.ui\ClientApp\dist\out-tsc\src\test.js.map
C:\Users\mmfsf\gitmmfsf\eprogramoflife\code\eprogramoflifeweb\epl.ui\ClientApp\dist\out-tsc\e2e\src\app.po.js
C:\Users\mmfsf\gitmmfsf\eprogramoflife\code\eprogramoflifeweb\epl.ui\ClientApp\dist\out-tsc\e2e\src\app.po.js.map
C:\Users\mmfsf\gitmmfsf\eprogramoflife\code\eprogramoflifeweb\epl.ui\ClientApp\dist\out-tsc\e2e\src\app.e2e-spec.js
C:\Users\mmfsf\gitmmfsf\eprogramoflife\code\eprogramoflifeweb\epl.ui\ClientApp\dist\out-tsc\e2e\src\app.e2e-spec.js.map
C:\Users\mmfsf\gitmmfsf\eprogramoflife\code\eprogramoflifeweb\epl.ui\ClientApp\dist\out-tsc\src\app\app.component.spec.js
C:\Users\mmfsf\gitmmfsf\eprogramoflife\code\eprogramoflifeweb\epl.ui\ClientApp\dist\out-tsc\src\app\app.component.spec.js.map
C:\Users\mmfsf\gitmmfsf\eprogramoflife\code\eprogramoflifeweb\epl.ui\ClientApp\dist\out-tsc\src\environments\environment.prod.js
C:\Users\mmfsf\gitmmfsf\eprogramoflife\code\eprogramoflifeweb\epl.ui\ClientApp\dist\out-tsc\src\environments\environment.prod.js.map
C:\Users\mmfsf\gitmmfsf\eprogramoflife\code\eprogramoflifeweb\epl.ui\ClientApp\dist\out-tsc\src\app\models\commitment.model.js
C:\Users\mmfsf\gitmmfsf\eprogramoflife\code\eprogramoflifeweb\epl.ui\ClientApp\dist\out-tsc\src\app\models\commitment.model.js.map
